Using pre-set license
Built from '2022.3/release' branch; Version is '2022.3.18f1 (d29bea25151d) revision 13802474'; Using compiler version '192829333'; Build Type 'Release'
OS: 'Windows 11  (10.0.22631) 64bit CoreSingleLanguage' Language: 'en' Physical Memory: 32449 MB
BatchMode: 1, IsHumanControllingUs: 0, StartBugReporterOnCrash: 0, Is64bit: 1, IsPro: 1

COMMAND LINE ARGUMENTS:
C:\Program Files\Unity\Hub\Editor\2022.3.18f1\Editor\Unity.exe
-adb2
-batchMode
-noUpm
-name
AssetImportWorker4
-projectPath
C:/Github/URP VFX Playground
-logFile
Logs/AssetImportWorker4.log
-srvPort
55789
Successfully changed project path to: C:/Github/URP VFX Playground
C:/Github/URP VFX Playground
[UnityMemory] Configuration Parameters - Can be set up in boot.config
    "memorysetup-bucket-allocator-granularity=16"
    "memorysetup-bucket-allocator-bucket-count=8"
    "memorysetup-bucket-allocator-block-size=33554432"
    "memorysetup-bucket-allocator-block-count=8"
    "memorysetup-main-allocator-block-size=16777216"
    "memorysetup-thread-allocator-block-size=16777216"
    "memorysetup-gfx-main-allocator-block-size=16777216"
    "memorysetup-gfx-thread-allocator-block-size=16777216"
    "memorysetup-cache-allocator-block-size=4194304"
    "memorysetup-typetree-allocator-block-size=2097152"
    "memorysetup-profiler-bucket-allocator-granularity=16"
    "memorysetup-profiler-bucket-allocator-bucket-count=8"
    "memorysetup-profiler-bucket-allocator-block-size=33554432"
    "memorysetup-profiler-bucket-allocator-block-count=8"
    "memorysetup-profiler-allocator-block-size=16777216"
    "memorysetup-profiler-editor-allocator-block-size=1048576"
    "memorysetup-temp-allocator-size-main=16777216"
    "memorysetup-job-temp-allocator-block-size=2097152"
    "memorysetup-job-temp-allocator-block-size-background=1048576"
    "memorysetup-job-temp-allocator-reduction-small-platforms=262144"
    "memorysetup-allocator-temp-initial-block-size-main=262144"
    "memorysetup-allocator-temp-initial-block-size-worker=262144"
    "memorysetup-temp-allocator-size-background-worker=32768"
    "memorysetup-temp-allocator-size-job-worker=262144"
    "memorysetup-temp-allocator-size-preload-manager=33554432"
    "memorysetup-temp-allocator-size-nav-mesh-worker=65536"
    "memorysetup-temp-allocator-size-audio-worker=65536"
    "memorysetup-temp-allocator-size-cloud-worker=32768"
    "memorysetup-temp-allocator-size-gi-baking-worker=262144"
    "memorysetup-temp-allocator-size-gfx=262144"
Player connection [35996] Host "[IP] 192.168.18.38 [Port] 0 [Flags] 2 [Guid] 765628567 [EditorId] 765628567 [Version] 1048832 [Id] WindowsEditor(7,Johanes) [Debug] 1 [PackageName] WindowsEditor [ProjectName] Editor" joined multi-casting on [225.0.0.222:54997]...

Player connection [35996] Host "[IP] 192.168.18.38 [Port] 0 [Flags] 2 [Guid] 765628567 [EditorId] 765628567 [Version] 1048832 [Id] WindowsEditor(7,Johanes) [Debug] 1 [PackageName] WindowsEditor [ProjectName] Editor" joined alternative multi-casting on [225.0.0.222:34997]...

[Physics::Module] Initialized MultithreadedJobDispatcher with 15 workers.
Refreshing native plugins compatible for Editor in 9.47 ms, found 3 plugins.
Preloading 0 native plugins for Editor in 0.00 ms.
Initialize engine version: 2022.3.18f1 (d29bea25151d)
[Subsystems] Discovering subsystems at path C:/Program Files/Unity/Hub/Editor/2022.3.18f1/Editor/Data/Resources/UnitySubsystems
[Subsystems] Discovering subsystems at path C:/Github/URP VFX Playground/Assets
GfxDevice: creating device client; threaded=0; jobified=0
Direct3D:
    Version:  Direct3D 11.0 [level 11.1]
    Renderer: NVIDIA GeForce RTX 4060 Laptop GPU (ID=0x28e0)
    Vendor:   NVIDIA
    VRAM:     7972 MB
    Driver:   31.0.15.4630
Initialize mono
Mono path[0] = 'C:/Program Files/Unity/Hub/Editor/2022.3.18f1/Editor/Data/Managed'
Mono path[1] = 'C:/Program Files/Unity/Hub/Editor/2022.3.18f1/Editor/Data/MonoBleedingEdge/lib/mono/unityjit-win32'
Mono config path = 'C:/Program Files/Unity/Hub/Editor/2022.3.18f1/Editor/Data/MonoBleedingEdge/etc'
Using monoOptions --debugger-agent=transport=dt_socket,embedding=1,server=y,suspend=n,address=127.0.0.1:56732
Begin MonoManager ReloadAssembly
Registering precompiled unity dll's ...
Register platform support module: C:/Program Files/Unity/Hub/Editor/2022.3.18f1/Editor/Data/PlaybackEngines/AndroidPlayer/UnityEditor.Android.Extensions.dll
Register platform support module: C:/Program Files/Unity/Hub/Editor/2022.3.18f1/Editor/Data/PlaybackEngines/iOSSupport/UnityEditor.iOS.Extensions.dll
Register platform support module: C:/Program Files/Unity/Hub/Editor/2022.3.18f1/Editor/Data/PlaybackEngines/WindowsStandaloneSupport/UnityEditor.WindowsStandalone.Extensions.dll
Registered in 0.006618 seconds.
- Loaded All Assemblies, in  0.256 seconds
Native extension for WindowsStandalone target not found
[usbmuxd] Start listen thread
[usbmuxd] Listen thread started
[usbmuxd] Send listen message
Native extension for iOS target not found
Native extension for Android target not found
Mono: successfully reloaded assembly
- Finished resetting the current domain, in  0.242 seconds
Domain Reload Profiling: 497ms
	BeginReloadAssembly (75ms)
		ExecutionOrderSort (0ms)
		DisableScriptedObjects (0ms)
		BackupInstance (0ms)
		ReleaseScriptingObjects (0ms)
		CreateAndSetChildDomain (1ms)
	RebuildCommonClasses (24ms)
	RebuildNativeTypeToScriptingClass (8ms)
	initialDomainReloadingComplete (40ms)
	LoadAllAssembliesAndSetupDomain (108ms)
		LoadAssemblies (74ms)
		RebuildTransferFunctionScriptingTraits (0ms)
		AnalyzeDomain (105ms)
			TypeCache.Refresh (104ms)
				TypeCache.ScanAssembly (94ms)
			ScanForSourceGeneratedMonoScriptInfo (0ms)
			ResolveRequiredComponents (0ms)
	FinalizeReload (242ms)
		ReleaseScriptCaches (0ms)
		RebuildScriptCaches (0ms)
		SetupLoadedEditorAssemblies (200ms)
			LogAssemblyErrors (0ms)
			InitializePlatformSupportModulesInManaged (71ms)
			SetLoadedEditorAssemblies (3ms)
			RefreshPlugins (0ms)
			BeforeProcessingInitializeOnLoad (2ms)
			ProcessInitializeOnLoadAttributes (90ms)
			ProcessInitializeOnLoadMethodAttributes (34ms)
			AfterProcessingInitializeOnLoad (0ms)
			EditorAssembliesLoaded (0ms)
		ExecutionOrderSort2 (0ms)
		AwakeInstancesAfterBackupRestoration (0ms)
========================================================================
Worker process is ready to serve import requests
Begin MonoManager ReloadAssembly
- Loaded All Assemblies, in  0.438 seconds
Refreshing native plugins compatible for Editor in 2.75 ms, found 3 plugins.
Native extension for WindowsStandalone target not found
Native extension for iOS target not found
Native extension for Android target not found
Package Manager log level set to [2]
[Package Manager] Server::EnsureServerProcessIsRunning -- launch failed, reason: Unity was launched with the -noUpm command-line argument
[Package Manager] UpmClient::Send -- Unable to send message (not connected to UPM process).
[Package Manager] Cannot connect to Unity Package Manager local server
Mono: successfully reloaded assembly
- Finished resetting the current domain, in  0.508 seconds
Domain Reload Profiling: 944ms
	BeginReloadAssembly (93ms)
		ExecutionOrderSort (0ms)
		DisableScriptedObjects (3ms)
		BackupInstance (0ms)
		ReleaseScriptingObjects (0ms)
		CreateAndSetChildDomain (18ms)
	RebuildCommonClasses (20ms)
	RebuildNativeTypeToScriptingClass (7ms)
	initialDomainReloadingComplete (25ms)
	LoadAllAssembliesAndSetupDomain (290ms)
		LoadAssemblies (210ms)
		RebuildTransferFunctionScriptingTraits (0ms)
		AnalyzeDomain (131ms)
			TypeCache.Refresh (109ms)
				TypeCache.ScanAssembly (99ms)
			ScanForSourceGeneratedMonoScriptInfo (14ms)
			ResolveRequiredComponents (7ms)
	FinalizeReload (508ms)
		ReleaseScriptCaches (0ms)
		RebuildScriptCaches (0ms)
		SetupLoadedEditorAssemblies (403ms)
			LogAssemblyErrors (0ms)
			InitializePlatformSupportModulesInManaged (24ms)
			SetLoadedEditorAssemblies (3ms)
			RefreshPlugins (0ms)
			BeforeProcessingInitializeOnLoad (75ms)
			ProcessInitializeOnLoadAttributes (254ms)
			ProcessInitializeOnLoadMethodAttributes (44ms)
			AfterProcessingInitializeOnLoad (4ms)
			EditorAssembliesLoaded (0ms)
		ExecutionOrderSort2 (0ms)
		AwakeInstancesAfterBackupRestoration (3ms)
Launched and connected shader compiler UnityShaderCompiler.exe after 0.04 seconds
Refreshing native plugins compatible for Editor in 3.65 ms, found 3 plugins.
Preloading 0 native plugins for Editor in 0.00 ms.
Unloading 4976 Unused Serialized files (Serialized files now loaded: 0)
Unloading 65 unused Assets / (358.0 KB). Loaded Objects now: 5441.
Memory consumption went from 223.5 MB to 223.1 MB.
Total: 3.988200 ms (FindLiveObjects: 0.647900 ms CreateObjectMapping: 0.150700 ms MarkObjects: 2.912700 ms  DeleteObjects: 0.275900 ms)

AssetImportParameters requested are different than current active one (requested -> active):
  custom:container-demuxer-ogg: 62fdf1f143b41e24485cea50d1cbac27 -> 
  custom:video-codec-MediaFoundation-h265: 746d11721c4dcdbdad8f713fa42b33f4 -> 
  custom:video-decoder-ogg-theora: a1e56fd34408186e4bbccfd4996cb3dc -> 
  custom:framework-win-MediaFoundation: 216162199b28c13a410421893ffa2e32 -> 
  custom:CustomObjectIndexerAttribute: 62b5816608c3102f162a1797e29626cf -> 
  custom:container-demuxer-webm: 4f35f7cbe854078d1ac9338744f61a02 -> 
  custom:container-muxer-webm: aa71ff27fc2769a1b78a27578f13a17b -> 
  custom:video-decoder-webm-vp8: 9c59270c3fd7afecdb556c50c9e8de78 -> 
  custom:SearchIndexIgnoredProperties: e643bd26f0fe6173181afceb89e7c659 -> 
  custom:AudioImporter_EditorPlatform: d09bf68614088b80899f8185d706f6e7 -> 
  custom:video-encoder-webm-vp8: eb34c28f22e8b96e1ab97ce403110664 -> 
  custom:audio-decoder-ogg-vorbis: bf7c407c2cedff20999df2af8eb42d56 -> 
  custom:audio-encoder-webm-vorbis: bf7c407c2cedff20999df2af8eb42d56 -> 
========================================================================
Received Import Request.
  Time since last request: 204310.361546 seconds.
  path: Assets/Hovl Studio/HSFiles/Materials/SS1bcg.mat
  artifactKey: Guid(13652c21ac9e0c0419a23ddb06f683fc) Importer(815301076,1909f56bfc062723c751e8b465ee728b)
Start importing Assets/Hovl Studio/HSFiles/Materials/SS1bcg.mat using Guid(13652c21ac9e0c0419a23ddb06f683fc) Importer(815301076,1909f56bfc062723c751e8b465ee728b)  -> (artifact id: '04f4778537fbb62699872f54b92bc320') in 0.176514 seconds
Number of updated asset objects reloaded before import = 0
Number of asset objects unloaded after import = 4
========================================================================
Received Import Request.
  Time since last request: 23.459217 seconds.
  path: Assets/Hovl Studio/HSFiles/Models/QuadToCircle.fbx
  artifactKey: Guid(c9b3eaae0aa575c4db6feb3ae6fea5a7) Importer(815301076,1909f56bfc062723c751e8b465ee728b)
Start importing Assets/Hovl Studio/HSFiles/Models/QuadToCircle.fbx using Guid(c9b3eaae0aa575c4db6feb3ae6fea5a7) Importer(815301076,1909f56bfc062723c751e8b465ee728b)  -> (artifact id: '285a3c2130272b5408855daa08bf3457') in 0.037313 seconds
Number of updated asset objects reloaded before import = 0
Number of asset objects unloaded after import = 11
========================================================================
Received Import Request.
  Time since last request: 35.768313 seconds.
  path: Assets/Hovl Studio/HSFiles/Materials/Mask54bcg.mat
  artifactKey: Guid(eeef1335c149a284dbdf47a7138e3118) Importer(815301076,1909f56bfc062723c751e8b465ee728b)
Start importing Assets/Hovl Studio/HSFiles/Materials/Mask54bcg.mat using Guid(eeef1335c149a284dbdf47a7138e3118) Importer(815301076,1909f56bfc062723c751e8b465ee728b)  -> (artifact id: '38adca3ee78828e911116fe22de6bfdb') in 0.011244 seconds
Number of updated asset objects reloaded before import = 0
Number of asset objects unloaded after import = 5
========================================================================
Received Import Request.
  Time since last request: 12.944750 seconds.
  path: Assets/Hovl Studio/HSFiles/Models/NoiseSphere1.fbx
  artifactKey: Guid(5092f302208764745b75b62a0560aa64) Importer(815301076,1909f56bfc062723c751e8b465ee728b)
Start importing Assets/Hovl Studio/HSFiles/Models/NoiseSphere1.fbx using Guid(5092f302208764745b75b62a0560aa64) Importer(815301076,1909f56bfc062723c751e8b465ee728b)  -> (artifact id: '2f021f5eb02cad4597669d408c033c6c') in 0.014173 seconds
Number of updated asset objects reloaded before import = 0
Number of asset objects unloaded after import = 11
========================================================================
Received Import Request.
  Time since last request: 10.421862 seconds.
  path: Assets/Hovl Studio/HSFiles/Models/CylindricalCone2.fbx
  artifactKey: Guid(b2f8b571d854cfc42962427536e286b9) Importer(815301076,1909f56bfc062723c751e8b465ee728b)
Start importing Assets/Hovl Studio/HSFiles/Models/CylindricalCone2.fbx using Guid(b2f8b571d854cfc42962427536e286b9) Importer(815301076,1909f56bfc062723c751e8b465ee728b)  -> (artifact id: 'd4fbc5e031d390abe5cdf17ec772d16b') in 0.013220 seconds
Number of updated asset objects reloaded before import = 0
Number of asset objects unloaded after import = 11
========================================================================
Received Import Request.
  Time since last request: 18.311466 seconds.
  path: Assets/Hovl Studio/HSFiles/Materials/Point5cg.mat
  artifactKey: Guid(85455188b71fea741bd0b80cbe893384) Importer(815301076,1909f56bfc062723c751e8b465ee728b)
Start importing Assets/Hovl Studio/HSFiles/Materials/Point5cg.mat using Guid(85455188b71fea741bd0b80cbe893384) Importer(815301076,1909f56bfc062723c751e8b465ee728b)  -> (artifact id: 'c694c174474bd86ab7301c459bf35f4b') in 0.010542 seconds
Number of updated asset objects reloaded before import = 0
Number of asset objects unloaded after import = 3
========================================================================
Received Import Request.
  Time since last request: 8.843058 seconds.
  path: Assets/Hovl Studio/HSFiles/Materials/HPL2cg.mat
  artifactKey: Guid(1b5f613319e0f324c9637cfac64149e4) Importer(815301076,1909f56bfc062723c751e8b465ee728b)
Start importing Assets/Hovl Studio/HSFiles/Materials/HPL2cg.mat using Guid(1b5f613319e0f324c9637cfac64149e4) Importer(815301076,1909f56bfc062723c751e8b465ee728b)  -> (artifact id: 'a483caf81112a8d8c1c3c35236d89e32') in 0.012443 seconds
Number of updated asset objects reloaded before import = 0
Number of asset objects unloaded after import = 3
========================================================================
Received Import Request.
  Time since last request: 9.973404 seconds.
  path: Assets/Hovl Studio/HSFiles/Models/LaserCone1.fbx
  artifactKey: Guid(8da581af6f93fdf428df910347d1982c) Importer(815301076,1909f56bfc062723c751e8b465ee728b)
Start importing Assets/Hovl Studio/HSFiles/Models/LaserCone1.fbx using Guid(8da581af6f93fdf428df910347d1982c) Importer(815301076,1909f56bfc062723c751e8b465ee728b)  -> (artifact id: '29aa1984c238a4267931d696df503e2f') in 0.023918 seconds
Number of updated asset objects reloaded before import = 0
Number of asset objects unloaded after import = 11
========================================================================
Received Import Request.
  Time since last request: 3.251819 seconds.
  path: Assets/Hovl Studio/HSFiles/Textures/Noise43.png
  artifactKey: Guid(6701bfb8e762cd54e96d8dc1a763d942) Importer(815301076,1909f56bfc062723c751e8b465ee728b)
Start importing Assets/Hovl Studio/HSFiles/Textures/Noise43.png using Guid(6701bfb8e762cd54e96d8dc1a763d942) Importer(815301076,1909f56bfc062723c751e8b465ee728b)  -> (artifact id: 'f3d07e7eb10cf7b296928988a84feb48') in 0.015886 seconds
Number of updated asset objects reloaded before import = 0
Number of asset objects unloaded after import = 2
========================================================================
Received Import Request.
  Time since last request: 0.000015 seconds.
  path: Assets/Hovl Studio/HSFiles/Textures/Noise41.png
  artifactKey: Guid(1eae6143ce30e2849b37136524e197f0) Importer(815301076,1909f56bfc062723c751e8b465ee728b)
Start importing Assets/Hovl Studio/HSFiles/Textures/Noise41.png using Guid(1eae6143ce30e2849b37136524e197f0) Importer(815301076,1909f56bfc062723c751e8b465ee728b)  -> (artifact id: '080509a29ad74a43175c312d5bc2ca4b') in 0.012307 seconds
Number of updated asset objects reloaded before import = 0
Number of asset objects unloaded after import = 2
========================================================================
Received Import Request.
  Time since last request: 42.944182 seconds.
  path: Assets/Hovl Studio/HSFiles/Materials/Lightning15l.mat
  artifactKey: Guid(6665ce3c41874df47a6aef0b7eef5b1e) Importer(815301076,1909f56bfc062723c751e8b465ee728b)
Start importing Assets/Hovl Studio/HSFiles/Materials/Lightning15l.mat using Guid(6665ce3c41874df47a6aef0b7eef5b1e) Importer(815301076,1909f56bfc062723c751e8b465ee728b)  -> (artifact id: '436242a90789e64ffe8abd99ecf21ab8') in 0.010670 seconds
Number of updated asset objects reloaded before import = 0
Number of asset objects unloaded after import = 4
========================================================================
Received Import Request.
  Time since last request: 22.846931 seconds.
  path: Assets/Hovl Studio/HSFiles/Models/CylindricalCone.fbx
  artifactKey: Guid(8a32b27e8f16c3143b5895f52bccd93d) Importer(815301076,1909f56bfc062723c751e8b465ee728b)
Start importing Assets/Hovl Studio/HSFiles/Models/CylindricalCone.fbx using Guid(8a32b27e8f16c3143b5895f52bccd93d) Importer(815301076,1909f56bfc062723c751e8b465ee728b)  -> (artifact id: 'e84def410d3fc9ceed550076680af158') in 0.016207 seconds
Number of updated asset objects reloaded before import = 0
Number of asset objects unloaded after import = 11
========================================================================
Received Import Request.
  Time since last request: 2.864648 seconds.
  path: Assets/MasterStylizedFX/Models/NoiseSphere.fbx
  artifactKey: Guid(a32c7f0bfe2bba346a6424f074f81d2f) Importer(815301076,1909f56bfc062723c751e8b465ee728b)
Start importing Assets/MasterStylizedFX/Models/NoiseSphere.fbx using Guid(a32c7f0bfe2bba346a6424f074f81d2f) Importer(815301076,1909f56bfc062723c751e8b465ee728b)  -> (artifact id: 'dcc1cbd9d6650b58a700d83de888375b') in 0.015391 seconds
Number of updated asset objects reloaded before import = 0
Number of asset objects unloaded after import = 11
========================================================================
Received Import Request.
  Time since last request: 17.313817 seconds.
  path: Assets/Hovl Studio/Render Pipelines support/Unity 2021+ URPHS.unitypackage
  artifactKey: Guid(5acc19a58f0ab7b48998f9c7e977a43c) Importer(815301076,1909f56bfc062723c751e8b465ee728b)
Start importing Assets/Hovl Studio/Render Pipelines support/Unity 2021+ URPHS.unitypackage using Guid(5acc19a58f0ab7b48998f9c7e977a43c) Importer(815301076,1909f56bfc062723c751e8b465ee728b)  -> (artifact id: '1ebeb7d71013ee0bb21c144f1caed385') in 0.000767 seconds
Number of updated asset objects reloaded before import = 0
Number of asset objects unloaded after import = 1
========================================================================
Received Import Request.
  Time since last request: 9.564840 seconds.
  path: Assets/Hovl Studio/Render Pipelines support/Solves transparent problem Unity 2021+ URPHS.unitypackage
  artifactKey: Guid(3ee1fd0ba850efb418349f819003a498) Importer(815301076,1909f56bfc062723c751e8b465ee728b)
Start importing Assets/Hovl Studio/Render Pipelines support/Solves transparent problem Unity 2021+ URPHS.unitypackage using Guid(3ee1fd0ba850efb418349f819003a498) Importer(815301076,1909f56bfc062723c751e8b465ee728b)  -> (artifact id: '2134f602bf4b1325947b28435350446c') in 0.000691 seconds
Number of updated asset objects reloaded before import = 0
Number of asset objects unloaded after import = 1
